<?xml version="1.0" encoding="UTF-8"?>
<testsuite xmlns:xsi="http://www.w3.org/2001/XMLSchema-instance" xsi:noNamespaceSchemaLocation="https://maven.apache.org/surefire/maven-surefire-plugin/xsd/surefire-test-report.xsd" name="com.example.introduction.KotlinJavaInteroperablitityUnitTest" time="0.075" tests="1" errors="0" skipped="0" failures="1">
  <properties>
    <property name="java.specification.version" value="17"/>
    <property name="sun.jnu.encoding" value="UTF-8"/>
    <property name="java.class.path" value="/Users/yaoh/workspaces/repositories/github/kotlin-playground/kotlin-maven/kotlin-hello-world/target/test-classes:/Users/yaoh/workspaces/repositories/github/kotlin-playground/kotlin-maven/kotlin-hello-world/target/classes:/Users/yaoh/.m2/repository/org/jetbrains/kotlin/kotlin-stdlib/1.7.10/kotlin-stdlib-1.7.10.jar:/Users/yaoh/.m2/repository/org/jetbrains/kotlin/kotlin-stdlib-common/1.7.10/kotlin-stdlib-common-1.7.10.jar:/Users/yaoh/.m2/repository/org/jetbrains/annotations/13.0/annotations-13.0.jar:/Users/yaoh/.m2/repository/org/jetbrains/kotlin/kotlin-stdlib-jdk8/1.7.10/kotlin-stdlib-jdk8-1.7.10.jar:/Users/yaoh/.m2/repository/org/jetbrains/kotlin/kotlin-stdlib-jdk7/1.7.10/kotlin-stdlib-jdk7-1.7.10.jar:/Users/yaoh/.m2/repository/org/jetbrains/kotlin/kotlin-reflect/1.7.10/kotlin-reflect-1.7.10.jar:/Users/yaoh/.m2/repository/org/jetbrains/kotlinx/kotlinx-coroutines-core/1.6.4/kotlinx-coroutines-core-1.6.4.jar:/Users/yaoh/.m2/repository/org/jetbrains/kotlinx/kotlinx-coroutines-core-jvm/1.6.4/kotlinx-coroutines-core-jvm-1.6.4.jar:/Users/yaoh/.m2/repository/org/slf4j/slf4j-api/1.7.36/slf4j-api-1.7.36.jar:/Users/yaoh/.m2/repository/ch/qos/logback/logback-classic/1.2.11/logback-classic-1.2.11.jar:/Users/yaoh/.m2/repository/ch/qos/logback/logback-core/1.2.11/logback-core-1.2.11.jar:/Users/yaoh/.m2/repository/org/slf4j/jcl-over-slf4j/1.7.36/jcl-over-slf4j-1.7.36.jar:/Users/yaoh/.m2/repository/org/junit/jupiter/junit-jupiter-api/5.9.0/junit-jupiter-api-5.9.0.jar:/Users/yaoh/.m2/repository/org/opentest4j/opentest4j/1.2.0/opentest4j-1.2.0.jar:/Users/yaoh/.m2/repository/org/junit/platform/junit-platform-commons/1.9.0/junit-platform-commons-1.9.0.jar:/Users/yaoh/.m2/repository/org/apiguardian/apiguardian-api/1.1.2/apiguardian-api-1.1.2.jar:/Users/yaoh/.m2/repository/org/junit/jupiter/junit-jupiter-engine/5.9.0/junit-jupiter-engine-5.9.0.jar:/Users/yaoh/.m2/repository/org/junit/platform/junit-platform-engine/1.9.0/junit-platform-engine-1.9.0.jar:/Users/yaoh/.m2/repository/org/junit/platform/junit-platform-runner/1.9.0/junit-platform-runner-1.9.0.jar:/Users/yaoh/.m2/repository/junit/junit/4.13.2/junit-4.13.2.jar:/Users/yaoh/.m2/repository/org/hamcrest/hamcrest-core/1.3/hamcrest-core-1.3.jar:/Users/yaoh/.m2/repository/org/junit/platform/junit-platform-launcher/1.9.0/junit-platform-launcher-1.9.0.jar:/Users/yaoh/.m2/repository/org/junit/platform/junit-platform-suite-api/1.9.0/junit-platform-suite-api-1.9.0.jar:/Users/yaoh/.m2/repository/org/junit/platform/junit-platform-suite-commons/1.9.0/junit-platform-suite-commons-1.9.0.jar:/Users/yaoh/.m2/repository/org/assertj/assertj-core/3.23.1/assertj-core-3.23.1.jar:/Users/yaoh/.m2/repository/net/bytebuddy/byte-buddy/1.12.10/byte-buddy-1.12.10.jar:/Users/yaoh/.m2/repository/org/mockito/mockito-core/4.6.1/mockito-core-4.6.1.jar:/Users/yaoh/.m2/repository/net/bytebuddy/byte-buddy-agent/1.12.10/byte-buddy-agent-1.12.10.jar:/Users/yaoh/.m2/repository/org/objenesis/objenesis/3.2/objenesis-3.2.jar:/Users/yaoh/.m2/repository/org/jetbrains/kotlin/kotlin-test/1.7.10/kotlin-test-1.7.10.jar:/Users/yaoh/.m2/repository/org/apache/commons/commons-lang3/3.12.0/commons-lang3-3.12.0.jar:/Users/yaoh/.m2/repository/org/json/json/20210307/json-20210307.jar:"/>
    <property name="java.vm.vendor" value="Homebrew"/>
    <property name="sun.arch.data.model" value="64"/>
    <property name="java.vendor.url" value="https://github.com/Homebrew/homebrew-core/issues"/>
    <property name="os.name" value="Mac OS X"/>
    <property name="java.vm.specification.version" value="17"/>
    <property name="sun.java.launcher" value="SUN_STANDARD"/>
    <property name="user.country" value="KR"/>
    <property name="sun.boot.library.path" value="/usr/local/Cellar/openjdk@17/17.0.4/libexec/openjdk.jdk/Contents/Home/lib"/>
    <property name="sun.java.command" value="/Users/yaoh/workspaces/repositories/github/kotlin-playground/kotlin-maven/kotlin-hello-world/target/surefire/surefirebooter13825844723158567233.jar /Users/yaoh/workspaces/repositories/github/kotlin-playground/kotlin-maven/kotlin-hello-world/target/surefire 2022-08-10T19-42-35_724-jvmRun1 surefire4431288956015991146tmp surefire_06912024699791743276tmp"/>
    <property name="http.nonProxyHosts" value="local|*.local|169.254/16|*.169.254/16"/>
    <property name="jdk.debug" value="release"/>
    <property name="surefire.test.class.path" value="/Users/yaoh/workspaces/repositories/github/kotlin-playground/kotlin-maven/kotlin-hello-world/target/test-classes:/Users/yaoh/workspaces/repositories/github/kotlin-playground/kotlin-maven/kotlin-hello-world/target/classes:/Users/yaoh/.m2/repository/org/jetbrains/kotlin/kotlin-stdlib/1.7.10/kotlin-stdlib-1.7.10.jar:/Users/yaoh/.m2/repository/org/jetbrains/kotlin/kotlin-stdlib-common/1.7.10/kotlin-stdlib-common-1.7.10.jar:/Users/yaoh/.m2/repository/org/jetbrains/annotations/13.0/annotations-13.0.jar:/Users/yaoh/.m2/repository/org/jetbrains/kotlin/kotlin-stdlib-jdk8/1.7.10/kotlin-stdlib-jdk8-1.7.10.jar:/Users/yaoh/.m2/repository/org/jetbrains/kotlin/kotlin-stdlib-jdk7/1.7.10/kotlin-stdlib-jdk7-1.7.10.jar:/Users/yaoh/.m2/repository/org/jetbrains/kotlin/kotlin-reflect/1.7.10/kotlin-reflect-1.7.10.jar:/Users/yaoh/.m2/repository/org/jetbrains/kotlinx/kotlinx-coroutines-core/1.6.4/kotlinx-coroutines-core-1.6.4.jar:/Users/yaoh/.m2/repository/org/jetbrains/kotlinx/kotlinx-coroutines-core-jvm/1.6.4/kotlinx-coroutines-core-jvm-1.6.4.jar:/Users/yaoh/.m2/repository/org/slf4j/slf4j-api/1.7.36/slf4j-api-1.7.36.jar:/Users/yaoh/.m2/repository/ch/qos/logback/logback-classic/1.2.11/logback-classic-1.2.11.jar:/Users/yaoh/.m2/repository/ch/qos/logback/logback-core/1.2.11/logback-core-1.2.11.jar:/Users/yaoh/.m2/repository/org/slf4j/jcl-over-slf4j/1.7.36/jcl-over-slf4j-1.7.36.jar:/Users/yaoh/.m2/repository/org/junit/jupiter/junit-jupiter-api/5.9.0/junit-jupiter-api-5.9.0.jar:/Users/yaoh/.m2/repository/org/opentest4j/opentest4j/1.2.0/opentest4j-1.2.0.jar:/Users/yaoh/.m2/repository/org/junit/platform/junit-platform-commons/1.9.0/junit-platform-commons-1.9.0.jar:/Users/yaoh/.m2/repository/org/apiguardian/apiguardian-api/1.1.2/apiguardian-api-1.1.2.jar:/Users/yaoh/.m2/repository/org/junit/jupiter/junit-jupiter-engine/5.9.0/junit-jupiter-engine-5.9.0.jar:/Users/yaoh/.m2/repository/org/junit/platform/junit-platform-engine/1.9.0/junit-platform-engine-1.9.0.jar:/Users/yaoh/.m2/repository/org/junit/platform/junit-platform-runner/1.9.0/junit-platform-runner-1.9.0.jar:/Users/yaoh/.m2/repository/junit/junit/4.13.2/junit-4.13.2.jar:/Users/yaoh/.m2/repository/org/hamcrest/hamcrest-core/1.3/hamcrest-core-1.3.jar:/Users/yaoh/.m2/repository/org/junit/platform/junit-platform-launcher/1.9.0/junit-platform-launcher-1.9.0.jar:/Users/yaoh/.m2/repository/org/junit/platform/junit-platform-suite-api/1.9.0/junit-platform-suite-api-1.9.0.jar:/Users/yaoh/.m2/repository/org/junit/platform/junit-platform-suite-commons/1.9.0/junit-platform-suite-commons-1.9.0.jar:/Users/yaoh/.m2/repository/org/assertj/assertj-core/3.23.1/assertj-core-3.23.1.jar:/Users/yaoh/.m2/repository/net/bytebuddy/byte-buddy/1.12.10/byte-buddy-1.12.10.jar:/Users/yaoh/.m2/repository/org/mockito/mockito-core/4.6.1/mockito-core-4.6.1.jar:/Users/yaoh/.m2/repository/net/bytebuddy/byte-buddy-agent/1.12.10/byte-buddy-agent-1.12.10.jar:/Users/yaoh/.m2/repository/org/objenesis/objenesis/3.2/objenesis-3.2.jar:/Users/yaoh/.m2/repository/org/jetbrains/kotlin/kotlin-test/1.7.10/kotlin-test-1.7.10.jar:/Users/yaoh/.m2/repository/org/apache/commons/commons-lang3/3.12.0/commons-lang3-3.12.0.jar:/Users/yaoh/.m2/repository/org/json/json/20210307/json-20210307.jar:"/>
    <property name="sun.cpu.endian" value="little"/>
    <property name="user.home" value="/Users/yaoh"/>
    <property name="user.language" value="ko"/>
    <property name="java.specification.vendor" value="Oracle Corporation"/>
    <property name="java.version.date" value="2022-07-19"/>
    <property name="java.home" value="/usr/local/Cellar/openjdk@17/17.0.4/libexec/openjdk.jdk/Contents/Home"/>
    <property name="file.separator" value="/"/>
    <property name="basedir" value="/Users/yaoh/workspaces/repositories/github/kotlin-playground/kotlin-maven/kotlin-hello-world"/>
    <property name="java.vm.compressedOopsMode" value="Zero based"/>
    <property name="line.separator" value="&#10;"/>
    <property name="java.specification.name" value="Java Platform API Specification"/>
    <property name="java.vm.specification.vendor" value="Oracle Corporation"/>
    <property name="surefire.real.class.path" value="/Users/yaoh/workspaces/repositories/github/kotlin-playground/kotlin-maven/kotlin-hello-world/target/surefire/surefirebooter13825844723158567233.jar"/>
    <property name="sun.management.compiler" value="HotSpot 64-Bit Tiered Compilers"/>
    <property name="ftp.nonProxyHosts" value="local|*.local|169.254/16|*.169.254/16"/>
    <property name="java.runtime.version" value="17.0.4+0"/>
    <property name="user.name" value="yaoh"/>
    <property name="path.separator" value=":"/>
    <property name="os.version" value="12.5"/>
    <property name="java.runtime.name" value="OpenJDK Runtime Environment"/>
    <property name="file.encoding" value="UTF-8"/>
    <property name="java.vm.name" value="OpenJDK 64-Bit Server VM"/>
    <property name="java.vendor.version" value="Homebrew"/>
    <property name="localRepository" value="/Users/yaoh/.m2/repository"/>
    <property name="java.vendor.url.bug" value="https://github.com/Homebrew/homebrew-core/issues"/>
    <property name="java.io.tmpdir" value="/var/folders/ph/6zq_ky_x4jn2v5d36pyg8lch0000gp/T/"/>
    <property name="java.version" value="17.0.4"/>
    <property name="user.dir" value="/Users/yaoh/workspaces/repositories/github/kotlin-playground/kotlin-maven/kotlin-hello-world"/>
    <property name="os.arch" value="x86_64"/>
    <property name="java.vm.specification.name" value="Java Virtual Machine Specification"/>
    <property name="native.encoding" value="UTF-8"/>
    <property name="java.library.path" value="/Users/yaoh/Library/Java/Extensions:/Library/Java/Extensions:/Network/Library/Java/Extensions:/System/Library/Java/Extensions:/usr/lib/java:."/>
    <property name="java.vm.info" value="mixed mode, sharing"/>
    <property name="java.vendor" value="Homebrew"/>
    <property name="java.vm.version" value="17.0.4+0"/>
    <property name="sun.io.unicode.encoding" value="UnicodeBig"/>
    <property name="socksNonProxyHosts" value="local|*.local|169.254/16|*.169.254/16"/>
    <property name="java.class.version" value="61.0"/>
  </properties>
  <testcase name="givenLowercaseString_WheExecuteMethodFromJavaStringUtils_shouldResutStringUppercase" classname="com.example.introduction.KotlinJavaInteroperablitityUnitTest" time="0.051">
    <failure message="Expected &lt;TOM&gt;, actual &lt;TOm&gt;." type="java.lang.AssertionError"><![CDATA[java.lang.AssertionError: Expected <TOM>, actual <TOm>.
	at com.example.introduction.KotlinJavaInteroperablitityUnitTest.givenLowercaseString_WheExecuteMethodFromJavaStringUtils_shouldResutStringUppercase(KotlinJavaInteroperabilityUnitTest.kt:17)
]]></failure>
  </testcase>
</testsuite>